<?xml version="1.0" encoding="utf-8"?><testsuite errors="0" failures="0" name="pytest" skips="0" tests="5" time="0.650"><testcase classname="test_Database" file="test_Database.py" line="21" name="test_db_create_table" time="0.0"></testcase><testcase classname="test_Database" file="test_Database.py" line="25" name="test_db_insert" time="0.0"></testcase><testcase classname="test_Database" file="test_Database.py" line="28" name="test_db_query" time="0.01754164695739746"></testcase><testcase classname="test_Database" file="test_Database.py" line="31" name="test_db_update" time="0.0030024051666259766"></testcase><testcase classname="test_lmr_secrets" file="test_lmr_secrets.py" line="14" name="test_lmr_secrets" time="0.0"></testcase></testsuite>